====================================
JOB START: Thu Apr 16 05:13:38 PM IST 2026
====================================
Setting up virtual environment...
Using CPython 3.11.14 interpreter at: /opt/spack/opt/spack/linux-zen3/python-3.11.14-c42g24gvavzim7h3h523b5bjir3y5xlt/bin/python
Creating virtual environment at: env
error: Failed to create virtual environment
  Caused by: A virtual environment already exists at `env`. Use `--clear` to replace it
Installing dependencies from req.txt...
Using Python 3.11.14 environment at: env
Resolved 81 packages in 1.98s
Downloading scikit-learn (8.7MiB)
Downloading scipy (33.7MiB)
Downloading numba (3.6MiB)
Downloading llvmlite (53.7MiB)
Downloading soundfile (1.3MiB)
 Downloaded soundfile
 Downloaded numba
 Downloaded scikit-learn
 Downloaded scipy
 Downloaded llvmlite
Prepared 20 packages in 1.52s
Installed 20 packages in 3.50s
 + audioread==3.1.0
 + cffi==2.0.0
 + charset-normalizer==3.4.7
 + decorator==5.2.1
 + joblib==1.5.3
 + lazy-loader==0.5
 + librosa==0.11.0
 + llvmlite==0.47.0
 + msgpack==1.1.2
 + numba==0.65.0
 + platformdirs==4.9.6
 + pooch==1.9.0
 + pycparser==3.0
 + requests==2.33.1
 + scikit-learn==1.8.0
 + scipy==1.17.1
 + soundfile==0.13.1
 + soxr==1.0.0
 + threadpoolctl==3.6.0
 + urllib3==2.6.3
Audio file found. Starting pipeline...

[STAGE 1/3] Transcription...
Starting Transcription Script...
Loading Whisper model (large-v3) on cuda...
Processing: ./audio.mp3
Detected Language: en (0.97)
[0.24s -> 7.08s]  Hello everyone, my name is Rehanan Sari and today we will be learning about machine learning.
[7.86s -> 15.32s]  In machine learning, there are different kinds of models that we use and different kinds of algorithms that we think of.
[15.48s -> 23.96s]  We help the machine to learn from algorithms and machine learns from them.
[24.34s -> 28.18s]  And that is what we call machine learning.
[30.24s -> 30.84s]  Thank you for watching.

Done in 7.79s
Words saved to: outputs/words.json
Segments saved to: outputs/segments.json
[STAGE 1/3] Done. outputs/words.json + outputs/segments.json written.

[STAGE 2/3] Acoustic extraction...
Loading audio: ./audio.mp3
Sample Rate: 48000Hz | Duration: 30.86s
  Processed window 1/62 (0.0s)
  Processed window 21/62 (10.0s)
  Processed window 41/62 (20.0s)
  Processed window 61/62 (30.0s)
Acoustic extraction complete. 62 windows.
Saved to: outputs/acoustics.json
[STAGE 2/3] Done. outputs/acoustics.json written.

[STAGE 3/3] Fusion layer...
Fusion complete. Saved to: outputs/fused.json
[STAGE 3/3] Done. outputs/fused.json written.

====================================
PIPELINE COMPLETE: Thu Apr 16 05:15:01 PM IST 2026
Outputs:
  outputs/words.json     — word-level timestamps
  outputs/segments.json  — sentence-level chunks
  outputs/acoustics.json — acoustic features (500ms windows)
  outputs/fused.json     — THE PRODUCT: words aligned with acoustics
====================================
